============================================================
      LCSC to KiCad Importer V3 (Instant Background Placer)
============================================================
 [Background Daemon Started]
 Listening globally for hotkey: CTRL+SHIFT+D
------------------------------------------------------------

==================================================
[+] Hotkey triggered! Scanning background Chrome windows...
==================================================
[i] Found active LCSC part tab: 'RP2040 | Raspberry Pi | Price | In Stock | LCSC Electronics - Google Chrome'
[i] Inspected Chrome Window: 'RP2040 | Raspberry Pi | Price | In Stock | LCSC Electronics - Google Chrome'
[i] Inspected Tab URL:       'lcsc.com/product-detail/C2040.html?spm=wm.fly.bg.17.xh&lcsc_vid=RAANUVdfElAIX10AR1hcBgFXR1hbBAJUQFUPX1ICFFkxVlNeR1ZWVFJSQlFZVDsOAxUeFF5JWBYZEEoKFBINSQcJGk4eFQsCAgIaSgADAwAHC0slT1JeU0oOAwwC'
[+] Target LCSC Component Found: C2040
[+] Starting V3 download & conversion pipeline for C2040...
[i] Fetching product attributes from LCSC: https://www.lcsc.com/product-detail/C2040.html
[+] Scraped attributes successfully: dict_keys([])
2026-06-06 18:07:35,932 - INFO - creating library for component C2040
2026-06-06 18:07:36,426 - INFO - Creating footprint ...
2026-06-06 18:07:37,129 - INFO - Downloading STEP Model ...
2026-06-06 18:07:37,648 - INFO - STEP model created at C:\Users\LRNA\Desktop\Kicad-Design-Library/EasyEDA/packages3d/LQFN-56_L7.0-W7.0-P0.4-EP.step
2026-06-06 18:07:37,648 - INFO - added packages3d/LQFN-56_L7.0-W7.0-P0.4-EP.step to footprint
2026-06-06 18:07:37,656 - INFO - Created 'C:\Users\LRNA\Desktop\Kicad-Design-Library/EasyEDA/LQFN-56_L7.0-W7.0-P0.4-EP.kicad_mod'
2026-06-06 18:07:38,474 - INFO - Creating symbol RP2040_0 in EasyEDA
